Protel Design System Auto-Router Log
------------------------------------
Log Filename     : D:\ROBOT\BALISES\RECEPROB\VER1\RECEPROB.LOG
Date             : 1-3-2003
Time             : 13:41

Input  .PCB File : D:\ROBOT\BALISES\RECEPROB\VER1\RECEPROB.PCB


Clearances
  Arc    : 0.127mm
  Fill   : 0.127mm
  Pad    : 0.127mm
  Track  : 0.127mm
  Text   : 0.127mm
  Via    : 0.127mm


Layers
  Top Layer      : Horizontal
  Mid Layer 1    : Not Used
  Mid Layer 2    : Not Used
  Mid Layer 3    : Not Used
  Mid Layer 4    : Not Used
  Mid Layer 5    : Not Used
  Mid Layer 6    : Not Used
  Mid Layer 7    : Not Used
  Mid Layer 8    : Not Used
  Mid Layer 9    : Not Used
  Mid Layer 10   : Not Used
  Mid Layer 11   : Not Used
  Mid Layer 12   : Not Used
  Mid Layer 13   : Not Used
  Mid Layer 14   : Not Used
  Bottom Layer   : Vertical



Other Settings
  Route Grid  : 0.508mm
  Route Track : 1mm
  Route Via   : 1.27mm


                   Connections       Time        ---Items Added During Pass--
Router Pass        Routed  (%)       Used        Arcs    Pads    Tracks  Vias
--------------------------------------------------------------------------------
Smd Stringer                                              Not Used
Memory                0 (  0.00%)  00:00:01         0       0       0       0
SMD Fanout                                                Not Used
Maze                 35 ( 97.22%)  00:00:14         0       0      67      40
Maze                  8 ( 22.22%)  00:00:28         0       0    -298     -84
Maze                  7 ( 19.44%)  00:00:19         0       0    -272    -108
Maze                  6 ( 16.67%)  00:00:11         0       0    -399    -171
Maze                  6 ( 16.67%)  00:00:11         0       0    -510    -225
Miter                                                     Not Used
--------------------------------------------------------------------------------
Totals               36 (100.00%)  00:01:25         0       0   -1412    -548



